Case #1: 3 4 6
Case #2: 14 15 27 30 35 39 41
Case #3: 7 12 17 20 21
Case #4: 18 28 30 63
Case #5: 6 11
Case #6: 22 222
Case #7: 17 20 27 30 38 42 47
Case #8: 4 8
Case #9: 11 14 16 17 21 23 28
Case #10: 78 91 102 128 141 149 167
Case #11: 3 4 5
Case #12: 6 7 10
Case #13: 2 6 11 14 16
Case #14: 1 2 3
Case #15: 2 3 4 5
Case #16: 6 9 14 16 17
Case #17: 1 3 6
Case #18: 3 5 6 7 8 9 11 12 13 15
Case #19: 6 8
Case #20: 11 12 13 14 15 16 17 18 19 20
Case #21: 7 8 9 10 11 12 13 14 15 16
Case #22: 4 5 7
Case #23: 17 24 25 29 33 37 41 43 45 47
Case #24: 11 16 17 20 24 27 29 30 32
Case #25: 3 7 12
Case #26: 4 5 6 7 8 9 10
Case #27: 4 8 11
Case #28: 13 15 19 20 21 24
Case #29: 2 3 4
Case #30: 2 3 5 7 8 9
Case #31: 1 5
Case #32: 3 5 7 8 10 12 14
Case #33: 5 10 14 17 19 20 30
Case #34: 2 22
Case #35: 2 4 5 6
Case #36: 2 4 5 9
Case #37: 4 8 12 16
Case #38: 15 16 17 18 19 20 21
Case #39: 3 6 7 8
Case #40: 2 4
Case #41: 1 2 3 4 5 6 7 8 9 46
Case #42: 14 22 26 39 47 72 75 96 112 134
Case #43: 13 16 17 22 26 29 34 38
Case #44: 6 8 10 11
Case #45: 2 4
Case #46: 7 9 12 13 15 20
Case #47: 5 6 8
Case #48: 2 6
Case #49: 6 12 16
Case #50: 8 13 15 18 20
