Case #1: CAB
Case #2: MJA
Case #3: OCDE
Case #4: BBAAA
Case #5: CCCABBBAB
Case #6: CCCBAABAB
Case #7: ZXCASDQWE
Case #8: CCCCCBBBBAAAAAB
Case #9: CCCCCBBBBBAAAAA
Case #10: CCCCCCABAAABAAA
Case #11: ZACBA
Case #12: ZDABC
Case #13: BBBBBAAAAAAAA
Case #14: CCCBBBBAAAABABB
Case #15: BBA
Case #16: MMCGHLAKJIFEDBA
Case #17: CCCCCAAAAABBBBB
Case #18: BAA
Case #19: ZABCD
Case #20: CCCCCBBBBAABAAA
Case #21: CCCCCBBAAAABBBA
Case #22: CCCCCCABBBBBBAA
Case #23: BAAA
Case #24: BA
Case #25: ZDCBA
Case #26: MMLAKIHEDBACFGJ
Case #27: CCCCCBBBBBAAAAA
Case #28: DDCBBAABCACCB
Case #29: ONHEMKJADGLFCBI
Case #30: ONMEADBFGHIJCLK
Case #31: CCBAAABABBBBAAA
Case #32: CCCCBABABBABABB
Case #33: CCCCCCCCBABBAAB
Case #34: BAAA
Case #35: CCCCAABBABABBBB
Case #36: BA
Case #37: ONMGLKJCHFEDIBA
Case #38: OMEABKHJICGLFDN
Case #39: RRBAACADABA
Case #40: MMDEFGLAKJIHCBA
Case #41: CCCBBAABAAABBAA
Case #42: MMLJGEDCBAFHIKA
Case #43: DCCBBBAAAABAA
Case #44: MMLAKHEDCABFGIJ
Case #45: BAAA
Case #46: ZYWDRGTMWDLJVWG
Case #47: CBA
Case #48: CCCCCCBAAABAA
Case #49: CCCCCBBBBBAAAAA
Case #50: CBA
Case #51: ZABYCXDWEU
Case #52: BBA
Case #53: Z
Case #54: DDDDCCCBAAAAA
Case #55: YYHHTFVWBDSTPDV
Case #56: CCCBABBBABABBBA
Case #57: OMKJFACHBEGLDNI
Case #58: XTLGBQNMQSPLLBJ
Case #59: CCCCCBBABABBBBB
Case #60: CCCBBBBBBAAABBA
Case #61: DCBBAABBBBAAAB
Case #62: DCBBAAABBBBAA
Case #63: BBB
Case #64: CAB
Case #65: ZADBC
Case #66: OMKJCAIEDGHFBNL
Case #67: BB
Case #68: CCBBBBBAAAAAA
Case #69: ZVPMLNMMGJMLSPJ
Case #70: CCCCCCBABBBABAB
Case #71: CCCCCBBBAABAAAB
Case #72: CBBBBBAAAAAAAA
Case #73: ZAYBXCWDUE
Case #74: AA
Case #75: ZEDCBAYXWU
Case #76: ZYPJKQGRGQYRDWS
Case #77: ONHCDEFGAIJKLMB
Case #78: BAA
Case #79: CCCCBABAAAAAAAA
Case #80: CBBBBAAAAAAAA
Case #81: CCCCBABAAABBBBA
Case #82: CCCCCBBBBBAAAAA
Case #83: CCCCBAAAABBBB
Case #84: CBA
Case #85: CCCCCBABAABABAB
Case #86: ONMHKLJIGFEDCBA
Case #87: CCCBBAABABBABAA
Case #88: BAAA
Case #89: AAA
Case #90: CBA
Case #91: BAA
Case #92: CCCCBAAAAAABAAA
Case #93: CCCCCBBBBBAAAAA
Case #94: CCCCAAAABAABBBB
Case #95: ZAAAA
Case #96: BBA
Case #97: A
Case #98: ONFKBICHGAEMJLD
Case #99: ONLKGACDFHEBJIM
Case #100: MMLKIHFECBAAJGD
