Case #1: 3
Case #2: 1
Case #3: IMPOSSIBLE
Case #4: 1 2
Case #5: 2 7
Case #6: 259374246 23579476911
Case #7: 226925207756233 56277451456000001
Case #8: IMPOSSIBLE
Case #9: IMPOSSIBLE
Case #10: IMPOSSIBLE
Case #11: 72411 14554436 29036461 43518486 58000511 72482536 86964561 101446586 113030441
Case #12: IMPOSSIBLE
Case #13: 1937102446
Case #14: 1 2 3
Case #15: 1
Case #16: 1
Case #17: 3797498334356
Case #18: 30399297484750849
Case #19: IMPOSSIBLE
Case #20: IMPOSSIBLE
Case #21: 196139589 24909724126
Case #22: 12345678900000001
Case #23: 475141398872 331173555013152 661871968627432 992570382241712 1323268795855992 1653967209470272 1984665623084552 2315364036698832 2646062450313112 2976760863927392 3307459277541672
Case #24: 2 148 294 440 586 732 878 1024 1170 1316 1462 1608 1754 1900 2046 2192 2338 2484 2630 2776 2922 3068 3214 3360 3506 3652 3798 3944 4090 4236 4382 4528 4674 4820 4966 5112
Case #25: 38127987424936
Case #26: 5779 1716083 3426387 5136691 6846995 8557299 10267603 11977907 13688211 15398515 17108819 18819123 20529427 22239731 23950035 25660339 27370643 29080947 30791176
Case #27: 1
Case #28: 103 30406 60709 91012 121315 151618 181921 212224 242527 272830 303133 333436 363739 394042 424345 454648 484951 515254 545557 575860 606163 636466 666769 697072 727375 757678 787981 818284 848587 878890 909193 939496 969799 990001
Case #29: IMPOSSIBLE
Case #30: 10204 4050608 8091012 12131416 16171820 20212224 24252628 28293032 32333436 36373840 40414244 44454648 48495052 52535456 56575860 60616264 64656668 68697072 72737476 76777880 80818284 84858688 88899092 92939496 96979900
Case #31: 1
Case #32: 4412960677
Case #33: 1
Case #34: 1 2 3 4 5 6 7 8 9 10 11 12 13 14 15 16 17 18 19 20 21 22 23 24 25 26 27 28 29 30 31 32 33 34 35 36 37 38 39 40 41 42 43 44 45 46 47 48 49 50 51 52 53 54 55 56 57 58 59 60 61 62 63 64 65 66 67 68 69 70
Case #35: IMPOSSIBLE
Case #36: 628 58328 116028 173728 231428 289128
Case #37: 3
Case #38: IMPOSSIBLE
Case #39: IMPOSSIBLE
Case #40: 2 7
Case #41: 1 2 3 4 5 6 7 8 9 10 11 12 13 14 15 16 17 18 19 20 21 22 23 24 25 26 27 28 29 30 31 32 33 34 35 36 37 38 39 40 41 42 43 44 45 46 47 48 49 50 51 52 53 54 55 56 57 58 59 60 61 62 63 64 65 66 67 68 69 70 71 72 73 74 75 76 77 78 79 80 81 82 83 84 85 86 87 88 89 90 91 92 93 94 95 96 97 98 99 100
Case #42: 1602886 181126055 360560158
Case #43: 38 3821 7604 11387 15170 18953 22736 26519 30302 34085 37868 41616
Case #44: IMPOSSIBLE
Case #45: 28
Case #46: 12538804 4376042284 8739545764 13103049244 17466552724 21830056204 26193559684 30557063164 34920566644 39284070065
Case #47: 2 152 302 452 602 752 902 1052 1202 1352 1502 1652 1802 1952 2102 2252 2402 2552 2702 2852 3002 3152 3302 3452 3602 3752 3902 4052 4202 4352 4502 4652 4802 4952 5102 5252 5402
Case #48: 1 2 3 4 5 6 7 8 9 10 11 12 13 14 15
Case #49: 173703464521690 102658747532318300 205143791600114910 307628835667911520 410113879735708130 512598923803504740
Case #50: 19011 2395286 4771561 7147836 9524111 11424401
Case #51: 2 12
Case #52: 7 49
Case #53: 172675939 52148133326 104123590713 156099048100 208074505487 260049962874 311856579585
Case #54: 334300616285 129708639118274 259082977620263 388457316122252 517831654624197
Case #55: 16
Case #56: IMPOSSIBLE
Case #57: 8475867884899 5271989824406638 10535503780928377 15799017737450116 21062531693971855 26326045650493594 31589559607015333 36853073563532101
Case #58: 68 12941 25814 38687 51560 64433 77306 90179 103052 115925 128798 141671 154544 167417 180290 193163 206036 218909 231782 244655 257528 270336
Case #59: 5932 1785248 3564564 5343880 7123196 8902512 10681828 12461144 14240460 16019776 17799092 19578408 21357724 23137040 24916356 26695672 28474988 30254304 32033620
Case #60: IMPOSSIBLE
Case #61: 29686813949953
Case #62: IMPOSSIBLE
Case #63: 144115188075855873
Case #64: 4139211442736 1096891032324897 2189483642578126
Case #65: 1 2 3 4
Case #66: IMPOSSIBLE
Case #67: 1
Case #68: 1324984810457 307396476025914
Case #69: IMPOSSIBLE
Case #70: 53450896 26992702012 53931953128 80871204244 107810455360 134749706476 161688957592 188628208708 215567459824 242506710940 269445962056 296385213172 323324464288 350263715404 372712462501
Case #71: 2
Case #72: 1
Case #73: 1235 56790
Case #74: 57 8970 17883 26796 35709 44622 53535 62448 71361 80274 89187 98100 107013 115926 124839 133752 142665 151578
Case #75: 268822560488 170164680788336 340060539016184 509956397244032 679852255471880 849748113699728 1019643971927576 1189539830155424 1359435688383272 1529331546611120
Case #76: 102030405060709 91011121314151618 181920212223242527 272829303132333436 363738394041424345 454647484950515254 545556575859606163 636465666768697072 727374757677787981 818283848586878890 909192939495969799 990000000000000001
Case #77: 1
Case #78: 623749 57384866
Case #79: 49357525892312 17423206639985905 34797055754079498
Case #80: 1
Case #81: 1937102446
Case #82: 4308744248 1348636949376 2692965154504 4037293359632 5381621564760
Case #83: 770411 347454936 694139461 1040823986 1387508511 1734193036 2080877561 2427562086 2774246611 3120931136 3467615661 3814300186 4160984711 4507669236 4854353761 5201038286 5547722811 5894407336 6171746491
Case #84: 6
Case #85: IMPOSSIBLE
Case #86: IMPOSSIBLE
Case #87: 2 204 406 608 810 1012 1214 1416 1618 1820 2022 2224 2426 2628 2830 3032 3234 3436 3638 3840 4042 4244 4446 4648 4850 5052 5254 5456 5658 5860 6062 6264 6466 6668 6870 7072 7274 7476 7678 7880 8082 8284 8486 8688 8890 9092 9294 9496 9698 9900
Case #88: 83385908498332846
Case #89: 2234152501943160
Case #90: IMPOSSIBLE
Case #91: 27249053 3515127773 6565418769
Case #92: 14 413 812 1200
Case #93: 386182716893 259900968468381 519415754219869 778930539971357 1038445325722845 1297960111474333 1557474897225821 1816989682977309 2076504468728797 2336019254480285 2595534039610251
Case #94: 18508819 3516675470 7014842121 10513008772
Case #95: 35616251531027 27282048672765998 54528481094000969 81774913515235940 109021345936470911 136267778357705882 163514210778940853 190760643200175824 218007075621410795 245253507987293841
Case #96: 1
Case #97: 320255973501902 67272519433846785
Case #98: 54480997
Case #99: 5
Case #100: IMPOSSIBLE
