Case #1: 3
Case #2: 1
Case #3: 1 2
Case #4: 2 7
Case #5: 1 2 3 4 5 6 7 8 9 10 11 12 13 14 15 16 17 18 19 20 21 22 23 24 25 26 27 28 29 30 31 32 33 34 35 36 37 38 39 40 41 42 43 44 45 46 47 48 49 50 51 52 53 54 55 56 57 58 59 60 61 62 63 64 65 66 67 68 69 70 71 72
Case #6: 2097153
Case #7: 246207 75339062 150431917 225524772 300617627 375710482 450803337 525896192 600989047 676081902 751174757 826267612 901118169
Case #8: 1
Case #9: 15264778 5602173196 11189081614 16775990032 22362898450 27949806868 33536715286 39123623704 44710532122 50297440540 55869326417
Case #10: 19011 2395286 4771561 7147836 9524111 11424401
Case #11: 1 2 3 4 5 6 7 8 9 10 11 12 13 14 15 16 17 18 19 20 21 22 23 24 25 26 27 28 29 30 31
Case #12: 4228 1069448 2134668 3199888 4265108 5330328 6395548 7460768 8525988 9591208 10656428 11721648 12786868 13852088 14917308 15982528
Case #13: 524289
Case #14: 31 2470 4909 7348 9787 12226 14665 17104 19543 21169
Case #15: 15038336683837 10165915598273218 20316792859862599 30467670121451980 40618547383041361 50769424644630742 60920301906220123 71071179167809504 81222053859615745
Case #16: 83385908498332846
Case #17: 268822560488 170164680788336 340060539016184 509956397244032 679852255471880 849748113699728 1019643971927576 1189539830155424 1359435688383272 1529331546611120
Case #18: 5711690974 3524113330391 7042514969808 10560916609225 14079318248642 17597719888059 21116121527476 24634523166893 28152924806310 31671326445727 35189728085144 38708129724561 42226531355967
Case #19: 172349769889 60667119000658 121161888231427 181656657462196 242151321600001
Case #20: 7497717589 4888511867426 9769526017263 14650540167100 19531554316937 24412568466774 29293582616611 34174596766448 39055610916285 43936625066122 48817639215959 53698653365796 58579667515633 63460602742033
Case #21: 155567147357 89762244024477 179368920901597 268975597778717 358582274655837 448188951532957 537795628410077 627402305287197 717008982164317 795412693374985
Case #22: 12345678900000001
Case #23: 23 1286 2549 3812 5075 6338 7581
Case #24: 990203 486189208 971388213 1456587218 1941786223 2426985228 2912184233 3397383238 3882582243 4367781248 4852980253 5338179258 5823378263 6308577268 6793776273 7278975278 7764174283 8249373288 8734572293 9219771199
Case #25: 2 14 21
Case #26: 1610370514 768146734751 1534683098988 2301219463225 3067755827462 3834292191699 4600828555936 5367364920173 6133901284410 6900437648578
Case #27: 7 49
Case #28: 28715342213 12433743177861 24838771013509 37243798849157 49648826684805 62053854520453 74458882356046
Case #29: 1235 56790
Case #30: 378906251
Case #31: 37 3610 7183 10756 14329 17902 21475 25048 28621 32194 35767 38149
Case #32: 43 4966 9889 14812 19735 24658 29581 34504 39427 44350 49273 54196 59119 62401
Case #33: 1 2 3 4 5 6 7 8 9 10 11 12 13 14 15 16 17 18 19 20 21 22 23 24
Case #34: 623749 57384866
Case #35: 16
Case #36: 1
Case #37: 2 124 246 368 490 612 734 856 978 1100 1222 1344 1466 1588 1710 1832 1954 2076 2198 2320 2442 2564 2686 2808 2930 3052 3174 3296 3418 3540
Case #38: 1 2 3
Case #39: 1
Case #40: 147 6003 11848
Case #41: 2 12
Case #42: 39416153192 18013182008352 35986947863512 53960713718672 71934479573832 89908245428992 107882011284152 125817028857921
Case #43: 103 30406 60709 91012 121315 151618 181921 212224 242527 272830 303133 333436 363739 394042 424345 454648 484951 515254 545557 575860 606163 636466 666769 697072 727375 757678 787981 818284 848587 878890 909193 939496 969799 990001
Case #44: 2 152 302 452 602 752 902 1052 1202 1352 1502 1652 1802 1952 2102 2252 2402 2552 2702 2852 3002 3152 3302 3452 3602 3752 3902 4052 4202 4352 4502 4652 4802 4952 5102 5252 5402
Case #45: 137144161 39497518130 78857892099 118218266068 157578640037 196939014006
Case #46: 1656877766475157 497063329942546369
Case #47: 1171591994634 364365110330964 727558628667294 1089616023126017
Case #48: 16473631310453 11284437447659702 22552401264008951 33820365080358200 45088328896707449 56356292713056698 67624256529405947 78892220345755196 90160184126482779
Case #49: 28
Case #50: 1
Case #51: 323889 108826394 217328899 325831404 434333909 542836414 651338919 759841424 868343929 976846434 1085348939 1193851444 1302353949 1410851761
Case #52: 750815336453 565363948348421 1129977081360389 1694590214372357 2259203347384325 2823816480396293 3388429613408261 3953042746420229 4517655879432197 5082269012444165 5646882145456133 6211495278468006
Case #53: 46 5725 11404 17083 22762 28441 34120 39799 45478 51157 56836 62515 68194 73873 77659
Case #54: 923 37819
Case #55: 316619444722876
Case #56: 1
Case #57: 197872851104 118921583512968 237645294174832 356369004836696 475092715498560 593816426160424 712540136822288 831263847484152 949987558146016 1068711234994945
Case #58: 1 2 3 4 5 6 7 8 9 10 11 12 13 14 15 16 17 18 19 20 21 22
Case #59: 5
Case #60: 579 51459 102339 153219 204099 254956
Case #61: 77 16730 33383 50036 66689 83342 99995 116648 133301 149954 166607 183260 199913 216566 233219 249872 266525 283178 299831 316484 333137 349790 366443 383096 399675
Case #62: 1
Case #63: 1 2 3 4 5 6 7 8 9 10 11 12 13 14 15 16 17 18 19 20 21 22 23 24 25 26 27 28
Case #64: 1
Case #65: 10936
Case #66: 39 4038 8037 12036 16035 20034 24033 28032 32031 36030 40029 44028
Case #67: 1 2 3 4 5 6 7 8 9 10 11 12 13 14 15 16 17 18 19 20 21 22 23 24 25 26 27 28 29 30 31 32 33 34 35 36 37 38 39 40 41 42 43 44 45 46 47 48 49 50 51 52 53 54 55 56 57 58 59 60 61 62 63 64 65 66 67 68 69 70 71 72 73 74 75 76 77
Case #68: 1
Case #69: 1
Case #70: 6
Case #71: 154092184 45457194035 90760295886 136063397737 181366499588 226669601439 265497248059
Case #72: 83 19526 38969 58412 77855 97298 116741 136184 155627 175070 194513 213956 233399 252842 272285 291728 311171 330614 350057 369500 388943 408386 427829 447272 466715 486158 505521
Case #73: 94148410 54888522484 109682896558 164477270632 219271644706 274066018780 328860392854 383654766928 438449141002 493243515076 548037889150 602832263224 657626637298 712421011372 767215385446 822009759520 876710936081
Case #74: 41812443100657 32780955390914386 65520098338728115 98259241286541844 130998384234355573 163737527182169302 196476670129983031 229215813077796760 261954956025610489 294694098973416385
Case #75: 2
Case #76: 5872551179181 1620824125453802 3235767333794945
Case #77: 1 2 3 4 5 6 7 8 9 10 11 12 13 14 15 16 17 18 19 20 21 22 23 24 25 26 27 28 29 30 31 32 33 34 35 36 37 38 39 40 41 42 43 44 45 46 47 48 49 50 51 52 53 54 55 56 57 58 59 60 61 62 63 64 65 66 67 68 69 70 71 72 73 74 75 76 77 78 79 80 81 82 83 84 85 86 87 88 89 90 91 92 93 94 95 96 97 98 99 100
Case #78: 67108865
Case #79: 6539 562294 1118049 1673461
Case #80: 2 94 186 278 370 462 554 646 738 830 922 1014 1106 1198 1290 1382 1474 1566 1658 1750 1842 1934 1981
Case #81: 30224379232245 22607835665718594 45185446952204943 67763058238691292 90340669525177641 112918280811663990 135495892098150339 158073503384636688 180651114671123037 203228370376077313
Case #82: 821939 378913444 757004949 1135096454 1513187959 1891279464 2269370969 2647462474 3025553979 3403645484 3781736989 4159828494 4537919999 4916011504 5294103009 5672194514 6050286019 6428377524 6806460286
Case #83: 30399297484750849
Case #84: 1250999896492 226426380877825
Case #85: 799323633224 608285284882768 1215771246132312 1823257207381856 2430743168631400 3038229129880944 3645715091130488 4253201052380032 4860687013629576 5468172974879120 6075658936128664 6683144897378208
Case #86: 1 2 3 4
Case #87: 102030405060709 91011121314151618 181920212223242527 272829303132333436 363738394041424345 454647484950515254 545556575859606163 636465666768697072 727374757677787981 818283848586878890 909192939495969799 990000000000000001
Case #88: 679 65783 130887 195991 261095 326199 375001
Case #89: 2 204 406 608 810 1012 1214 1416 1618 1820 2022 2224 2426 2628 2830 3032 3234 3436 3638 3840 4042 4244 4446 4648 4850 5052 5254 5456 5658 5860 6062 6264 6466 6668 6870 7072 7274 7476 7678 7880 8082 8284 8486 8688 8890 9092 9294 9496 9698 9900
Case #90: 24678 1653396
Case #91: 442369
Case #92: 1
Case #93: 2 198 394 590 786 982 1178 1374 1570 1766 1962 2158 2354 2550 2746 2942 3138 3334 3530 3726 3922 4118 4314 4510 4706 4902 5098 5294 5490 5686 5882 6078 6274 6470 6666 6862 7058 7254 7450 7646 7842 8038 8234 8430 8626 8822 9018 9214 9313
Case #94: 1
Case #95: 30813754 13527237604 27023661454 40520085304 54016509154 67512933004 81009356854 94505780704 108002204554 121498628404 134995052254 148491476104 161957496977
Case #96: 10204 4050608 8091012 12131416 16171820 20212224 24252628 28293032 32333436 36373840 40414244 44454648 48495052 52535456 56575860 60616264 64656668 68697072 72737476 76777880 80818284 84858688 88899092 92939496 96979900
Case #97: 567313019391 119135734071601
Case #98: 2 138 274 410 546 682 818 954 1090 1226 1362 1498 1634 1770 1906 2042 2178 2314 2450 2586 2722 2858 2994 3130 3266 3402 3538 3674 3810 3946 4082 4218 4354 4423
Case #99: 144115188075855873
Case #100: 1 2 3 4 5 6 7 8 9 10 11
